[debug] [2024-08-09T18:08:41.820Z] : 
[debug] [2024-08-09T18:08:41.823Z] : ----------------------------------------------------------------------
[debug] [2024-08-09T18:08:41.823Z] : Command:      /data/data/com.termux/files/usr/bin/node /data/data/com.termux/files/usr/bin/catalyst serve
[debug] [2024-08-09T18:08:41.824Z] : CLI Version:  1.17.6
[debug] [2024-08-09T18:08:41.825Z] : Platform:     android
[debug] [2024-08-09T18:08:41.826Z] : Node Version: v22.5.1
[debug] [2024-08-09T18:08:41.826Z] : Time:         Fri Aug 09 2024 23:38:41 GMT+0530 (India Standard Time)
[debug] [2024-08-09T18:08:41.826Z] : ----------------------------------------------------------------------
[debug] [2024-08-09T18:08:41.827Z] : 
[debug] [2024-08-09T18:08:43.417Z] : > authorizing via signed-in user option
[debug] [2024-08-09T18:08:43.418Z] : > command requires scopes: ["ZohoCatalyst.projects.ALL","ZohoCatalyst.functions.ALL","ZohoCatalyst.functions.EXECUTE","ZohoCatalyst.webapp.ALL","ZohoCatalyst.pdfshot.execute","ZohoCatalyst.authentication.CREATE"]
[debug] [2024-08-09T18:08:43.442Z] : >>>> HTTP REQUEST : GET https://api.catalyst.zoho.in/baas/v1/project/8271000000006075 

[debug] [2024-08-09T18:08:43.745Z] : <<<< HTTP RESPONSE : 200
Response Headers: {"server":"ZGS","date":"Fri, 09 Aug 2024 18:08:44 GMT","content-type":"application/vnd.catalyst.v2+json","transfer-encoding":"chunked","connection":"keep-alive","set-cookie":["zalb_3a750b85f1=99131cfabfda186b4fe68a16fb8fedd6; Path=/","ZD_CSRF_TOKEN=40ee3022-02cc-40c7-876e-c18f5a1298c8;path=/;SameSite=None;Secure;priority=high","_zcsr_tmp=40ee3022-02cc-40c7-876e-c18f5a1298c8;path=/;SameSite=Strict;Secure;priority=high"],"x-content-type-options":"nosniff","x-xss-protection":"1","cache-control":"private,no-cache,no-store,max-age=0,must-revalidate","pragma":"no-cache","expires":"Thu, 01 Jan 1970 00:00:00 GMT","x-frame-options":"DENY","strict-transport-security":"max-age=63072000"}

[debug] [2024-08-09T18:08:43.757Z] : >>>> HTTP REQUEST : GET https://api.catalyst.zoho.in/baas/v1/project/8271000000006075/environment 

[debug] [2024-08-09T18:08:43.835Z] : <<<< HTTP RESPONSE : 200
Response Headers: {"server":"ZGS","date":"Fri, 09 Aug 2024 18:08:44 GMT","content-type":"application/vnd.catalyst.v2+json","transfer-encoding":"chunked","connection":"keep-alive","set-cookie":["zalb_3a750b85f1=7c58023b2365c117e2ff9b6feb09efa2; Path=/","ZD_CSRF_TOKEN=a2ae649f-ec2b-49aa-8cb1-6b969e626426;path=/;SameSite=None;Secure;priority=high","_zcsr_tmp=a2ae649f-ec2b-49aa-8cb1-6b969e626426;path=/;SameSite=Strict;Secure;priority=high"],"x-content-type-options":"nosniff","x-xss-protection":"1","cache-control":"private,no-cache,no-store,max-age=0,must-revalidate","pragma":"no-cache","expires":"Thu, 01 Jan 1970 00:00:00 GMT","x-frame-options":"DENY","strict-transport-security":"max-age=63072000"}

[debug] [2024-08-09T18:08:44.258Z] : http port : '3000' is not available. Hence port '3001' will be used instead.
[debug] [2024-08-09T18:08:44.276Z] : http port : '3000' is not available. Hence port '3002' will be used instead.
[debug] [2024-08-09T18:08:44.279Z] : No basic functions to add
[info] [2024-08-09T18:08:44.464Z] : 
[info] [2024-08-09T18:08:44.464Z] :  >>>>>>>>>>>>>> AppSail <<<<<<<<<<<<<< 
[info] [2024-08-09T18:08:44.466Z] : ℹ Cloud: http://localhost:3002
[info] [2024-08-09T18:08:44.466Z] : 
